# JRE version: OpenJDK Runtime Environment (11.0.12+7) (build 11.0.12+7-b1504.28-7817840)
# Java VM: OpenJDK 64-Bit Server VM (11.0.12+7-b1504.28-7817840, mixed mode, tiered, compressed oops, g1 gc, windows-amd64)
Heap:
 garbage-first heap   total 258048K, used 110201K [0x0000000080000000, 0x0000000100000000)
  region size 1024K, 66 young (67584K), 3 survivors (3072K)
 Metaspace       used 64672K, capacity 66167K, committed 66348K, reserved 1107968K
  class space    used 8231K, capacity 8803K, committed 8832K, reserved 1048576K
GC Heap History (14 events):
Event: 1.190 GC heap before
{Heap before GC invocations=0 (full 0):
 garbage-first heap   total 258048K, used 29696K [0x0000000080000000, 0x0000000100000000)
  region size 1024K, 24 young (24576K), 0 survivors (0K)
 Metaspace       used 9846K, capacity 10050K, committed 10112K, reserved 1058816K
  class space    used 1027K, capacity 1102K, committed 1152K, reserved 1048576K
}
Event: 1.194 GC heap after
{Heap after GC invocations=1 (full 0):
 garbage-first heap   total 258048K, used 9485K [0x0000000080000000, 0x0000000100000000)
  region size 1024K, 3 young (3072K), 3 survivors (3072K)
 Metaspace       used 9846K, capacity 10050K, committed 10112K, reserved 1058816K
  class space    used 1027K, capacity 1102K, committed 1152K, reserved 1048576K
}
Event: 3.356 GC heap before
{Heap before GC invocations=1 (full 0):
 garbage-first heap   total 258048K, used 111885K [0x0000000080000000, 0x0000000100000000)
  region size 1024K, 104 young (106496K), 3 survivors (3072K)
 Metaspace       used 20720K, capacity 21131K, committed 21248K, reserved 1067008K
  class space    used 2547K, capacity 2710K, committed 2816K, reserved 1048576K
}
Event: 3.367 GC heap after
{Heap after GC invocations=2 (full 0):
 garbage-first heap   total 258048K, used 17238K [0x0000000080000000, 0x0000000100000000)
  region size 1024K, 11 young (11264K), 11 survivors (11264K)
 Metaspace       used 20720K, capacity 21131K, committed 21248K, reserved 1067008K
  class space    used 2547K, capacity 2710K, committed 2816K, reserved 1048576K
}
Event: 4.788 GC heap before
{Heap before GC invocations=3 (full 0):
 garbage-first heap   total 258048K, used 85846K [0x0000000080000000, 0x0000000100000000)
  region size 1024K, 78 young (79872K), 11 survivors (11264K)
 Metaspace       used 27496K, capacity 28106K, committed 28288K, reserved 1073152K
  class space    used 3616K, capacity 3856K, committed 3968K, reserved 1048576K
}
Event: 4.802 GC heap after
{Heap after GC invocations=4 (full 0):
 garbage-first heap   total 258048K, used 20387K [0x0000000080000000, 0x0000000100000000)
  region size 1024K, 3 young (3072K), 3 survivors (3072K)
 Metaspace       used 27496K, capacity 28106K, committed 28288K, reserved 1073152K
  class space    used 3616K, capacity 3856K, committed 3968K, reserved 1048576K
}
Event: 6.153 GC heap before
{Heap before GC invocations=4 (full 0):
 garbage-first heap   total 258048K, used 64419K [0x0000000080000000, 0x0000000100000000)
  region size 1024K, 47 young (48128K), 3 survivors (3072K)
 Metaspace       used 34901K, capacity 35718K, committed 35840K, reserved 1081344K
  class space    used 4532K, capacity 4839K, committed 4864K, reserved 1048576K
}
Event: 6.162 GC heap after
{Heap after GC invocations=5 (full 0):
 garbage-first heap   total 258048K, used 23017K [0x0000000080000000, 0x0000000100000000)
  region size 1024K, 6 young (6144K), 6 survivors (6144K)
 Metaspace       used 34901K, capacity 35718K, committed 35840K, reserved 1081344K
  class space    used 4532K, capacity 4839K, committed 4864K, reserved 1048576K
}
Event: 10.411 GC heap before
{Heap before GC invocations=6 (full 0):
 garbage-first heap   total 258048K, used 136681K [0x0000000080000000, 0x0000000100000000)
  region size 1024K, 114 young (116736K), 6 survivors (6144K)
 Metaspace       used 44524K, capacity 45542K, committed 45824K, reserved 1089536K
  class space    used 5710K, capacity 6096K, committed 6144K, reserved 1048576K
}
Event: 10.422 GC heap after
{Heap after GC invocations=7 (full 0):
 garbage-first heap   total 258048K, used 30286K [0x0000000080000000, 0x0000000100000000)
  region size 1024K, 13 young (13312K), 13 survivors (13312K)
 Metaspace       used 44524K, capacity 45542K, committed 45824K, reserved 1089536K
  class space    used 5710K, capacity 6096K, committed 6144K, reserved 1048576K
}
Event: 12.606 GC heap before
{Heap before GC invocations=7 (full 0):
 garbage-first heap   total 258048K, used 164430K [0x0000000080000000, 0x0000000100000000)
  region size 1024K, 141 young (144384K), 13 survivors (13312K)
 Metaspace       used 53095K, capacity 54428K, committed 54656K, reserved 1097728K
  class space    used 6792K, capacity 7294K, committed 7296K, reserved 1048576K
}
Event: 12.621 GC heap after
{Heap after GC invocations=8 (full 0):
 garbage-first heap   total 258048K, used 44024K [0x0000000080000000, 0x0000000100000000)
  region size 1024K, 17 young (17408K), 17 survivors (17408K)
 Metaspace       used 53095K, capacity 54428K, committed 54656K, reserved 1097728K
  class space    used 6792K, capacity 7294K, committed 7296K, reserved 1048576K
}
Event: 13.222 GC heap before
{Heap before GC invocations=8 (full 0):
 garbage-first heap   total 258048K, used 79864K [0x0000000080000000, 0x0000000100000000)
  region size 1024K, 53 young (54272K), 17 survivors (17408K)
 Metaspace       used 58459K, capacity 59819K, committed 59948K, reserved 1101824K
  class space    used 7458K, capacity 7999K, committed 8064K, reserved 1048576K
}
Event: 13.261 GC heap after
{Heap after GC invocations=9 (full 0):
 garbage-first heap   total 258048K, used 46713K [0x0000000080000000, 0x0000000100000000)
  region size 1024K, 3 young (3072K), 3 survivors (3072K)
 Metaspace       used 58459K, capacity 59819K, committed 59948K, reserved 1101824K
  class space    used 7458K, capacity 7999K, committed 8064K, reserved 1048576K
}

